Determining if the pthread_create exist failed with the following output:
Change Dir: /home/sr/catkin_make/roboticsclub-mcecsbot/src/executive/build/CMakeFiles/CMakeTmp

Run Build Command:/usr/bin/make "cmTryCompileExec1490665541/fast"
/usr/bin/make -f CMakeFiles/cmTryCompileExec1490665541.dir/build.make CMakeFiles/cmTryCompileExec1490665541.dir/build
make[1]: Entering directory `/home/sr/catkin_make/roboticsclub-mcecsbot/src/executive/build/CMakeFiles/CMakeTmp'
/usr/bin/cmake -E cmake_progress_report /home/sr/catkin_make/roboticsclub-mcecsbot/src/executive/build/CMakeFiles/CMakeTmp/CMakeFiles 1
Building C object CMakeFiles/cmTryCompileExec1490665541.dir/CheckSymbolExists.c.o
/usr/bin/cc    -o CMakeFiles/cmTryCompileExec1490665541.dir/CheckSymbolExists.c.o   -c /home/sr/catkin_make/roboticsclub-mcecsbot/src/executive/build/CMakeFiles/CMakeTmp/CheckSymbolExists.c
Linking C executable cmTryCompileExec1490665541
/usr/bin/cmake -E cmake_link_script CMakeFiles/cmTryCompileExec1490665541.dir/link.txt --verbose=1
/usr/bin/cc       CMakeFiles/cmTryCompileExec1490665541.dir/CheckSymbolExists.c.o  -o cmTryCompileExec1490665541 -rdynamic 
CMakeFiles/cmTryCompileExec1490665541.dir/CheckSymbolExists.c.o: In function `main':
CheckSymbolExists.c:(.text+0x16): undefined reference to `pthread_create'
collect2: error: ld returned 1 exit status
make[1]: *** [cmTryCompileExec1490665541] Error 1
make[1]: Leaving directory `/home/sr/catkin_make/roboticsclub-mcecsbot/src/executive/build/CMakeFiles/CMakeTmp'
make: *** [cmTryCompileExec1490665541/fast] Error 2

File /home/sr/catkin_make/roboticsclub-mcecsbot/src/executive/build/CMakeFiles/CMakeTmp/CheckSymbolExists.c:
/* */
#include <pthread.h>

int main(int argc, char** argv)
{
  (void)argv;
#ifndef pthread_create
  return ((int*)(&pthread_create))[argc];
#else
  (void)argc;
  return 0;
#endif
}

Determining if the function pthread_create exists in the pthreads failed with the following output:
Change Dir: /home/sr/catkin_make/roboticsclub-mcecsbot/src/executive/build/CMakeFiles/CMakeTmp

Run Build Command:/usr/bin/make "cmTryCompileExec2170714375/fast"
/usr/bin/make -f CMakeFiles/cmTryCompileExec2170714375.dir/build.make CMakeFiles/cmTryCompileExec2170714375.dir/build
make[1]: Entering directory `/home/sr/catkin_make/roboticsclub-mcecsbot/src/executive/build/CMakeFiles/CMakeTmp'
/usr/bin/cmake -E cmake_progress_report /home/sr/catkin_make/roboticsclub-mcecsbot/src/executive/build/CMakeFiles/CMakeTmp/CMakeFiles 1
Building C object CMakeFiles/cmTryCompileExec2170714375.dir/CheckFunctionExists.c.o
/usr/bin/cc   -DCHECK_FUNCTION_EXISTS=pthread_create   -o CMakeFiles/cmTryCompileExec2170714375.dir/CheckFunctionExists.c.o   -c /usr/share/cmake-2.8/Modules/CheckFunctionExists.c
Linking C executable cmTryCompileExec2170714375
/usr/bin/cmake -E cmake_link_script CMakeFiles/cmTryCompileExec2170714375.dir/link.txt --verbose=1
/usr/bin/cc   -DCHECK_FUNCTION_EXISTS=pthread_create    CMakeFiles/cmTryCompileExec2170714375.dir/CheckFunctionExists.c.o  -o cmTryCompileExec2170714375 -rdynamic -lpthreads 
/usr/bin/ld: cannot find -lpthreads
collect2: error: ld returned 1 exit status
make[1]: *** [cmTryCompileExec2170714375] Error 1
make[1]: Leaving directory `/home/sr/catkin_make/roboticsclub-mcecsbot/src/executive/build/CMakeFiles/CMakeTmp'
make: *** [cmTryCompileExec2170714375/fast] Error 2


